2023-03-15 21:00:16.094257 (21222) main____ INFO    ----------------------------------------
2023-03-15 21:00:16.094423 (21222) main____ INFO    JasperGold version info
2023-03-15 21:00:16.094449 (21222) main____ INFO      tool      : JasperGold 2018.03
2023-03-15 21:00:16.094471 (21222) main____ INFO      version   : 2018.03p001 64 bits
2023-03-15 21:00:16.094488 (21222) main____ INFO      build date: 2018.04.24 18:13:05 PDT
2023-03-15 21:00:16.094500 (21222) main____ INFO    ----------------------------------------
2023-03-15 21:00:16.094511 (21222) main____ INFO    Runtime info:
2023-03-15 21:00:16.094524 (21222) main____ INFO      platform  : Linux 3.10.0-693.el7.x86_64 x86_64
2023-03-15 21:00:16.094541 (21222) main____ INFO      hostname  : vlsicad6
2023-03-15 21:00:16.094554 (21222) main____ INFO      pid       : 21222
2023-03-15 21:00:16.094566 (21222) main____ INFO      arguments : '-style' 'windows' '-superlint'
2023-03-15 21:00:16.094578 (21222) main____ INFO    ----------------------------------------
2023-03-15 21:00:16.094588 (21222) main____ INFO    System resource limits info:
2023-03-15 21:00:16.094601 (21222) main____ INFO      virtual memory: unlimited
2023-03-15 21:00:16.094614 (21222) main____ INFO      cpu time      : unlimited
2023-03-15 21:00:16.094640 (21222) main____ INFO      stack size    : 8388608 B
2023-03-15 21:00:16.094663 (21222) main____ INFO      core file size: 0 B
2023-03-15 21:00:16.094684 (21222) main____ INFO      open files    : 1024
2023-03-15 21:00:16.094699 (21222) main____ INFO      file size     : unlimited
2023-03-15 21:00:16.094711 (21222) main____ INFO    ----------------------------------------
2023-03-15 21:00:16.094721 (21222) main____ INFO    Memory statistics:
2023-03-15 21:00:16.094733 (21222) main____ INFO      total physical memory  : 20381228 kB
2023-03-15 21:00:16.094743 (21222) main____ INFO      free physical memory   : 1082448 kB
2023-03-15 21:00:16.094754 (21222) main____ INFO      committed address space: 69647588 kB
2023-03-15 21:00:16.094764 (21222) main____ INFO    ----------------------------------------
2023-03-15 21:00:16.094825 (21222) main____ INFO    Important environment variables:
2023-03-15 21:00:16.094850 (21222) main____ INFO      DISPLAY        : 'localhost:27.0'
2023-03-15 21:00:16.094869 (21222) main____ INFO      EDITOR         : '/usr/bin/vim'
2023-03-15 21:00:16.094891 (21222) main____ INFO      LM_LICENSE_FILE: '5280@vlsicad8:26000@lscic:1717@lshc:1717@lstn:1717@lstc:1717@lsncku:5280@lstn:26585@lstn:26585@lstc:26585@lshc:26585@lsncku:26585@lscic'
2023-03-15 21:00:16.094904 (21222) main____ INFO    ----------------------------------------
2023-03-15 21:00:16.096242 (21222) lic_core INFO    Initializing license system ...
2023-03-15 21:00:16.098331 (21222) lic_core INFO    ... license system initialized.
2023-03-15 21:00:16.100703 (21222) lic__man INFO    Claim 'main' for <ui>.
2023-03-15 21:00:16.100777 (21222) lic_core INFO    (1) checking out 'jasper_interactive' ...
2023-03-15 21:00:16.216291 (21222) lic_core INFO    ... (1) checkout failed (error: -5) ("FLEXnet ERROR(-5, 0, 0): No such feature exists.")
2023-03-15 21:00:16.216347 (21222) lic_core INFO    (2) checking out 'jasper_pint' ...
2023-03-15 21:00:16.378242 (21222) lic_core INFO    ... (2) checkout succeeded
2023-03-15 21:00:16.378354 (21222) lic__man INFO    Claim 'superlint' for <ui>.
2023-03-15 21:00:16.378397 (21222) lic_core INFO    (3) checking out 'jasper_afl' ...
2023-03-15 21:00:16.487192 (21222) lic_core INFO    ... (3) checkout failed (error: -5) ("FLEXnet ERROR(-5, 0, 0): No such feature exists.")
2023-03-15 21:00:16.487234 (21222) lic_core INFO    (4) checking out 'jasper_dao' ...
2023-03-15 21:00:16.650218 (21222) lic_core INFO    ... (4) checkout succeeded
2023-03-15 21:00:18.283298 (21222) lic__man INFO    Claim 'superlint' for <ui>.
2023-03-15 21:00:18.771279 (21222) lic__man INFO    Unclaim 'superlint' for <ui>.
2023-03-15 21:00:18.771347 (21222) lic__man INFO    Claim 'superlint' for <ui>.
2023-03-15 21:00:18.792488 (21222) session_ INFO    Starting analysis session with session id 'session_0' ...
2023-03-15 21:00:18.794466 (21222) session_ INFO    Analysis session with session id 'session_0' started (pid: 21250)
2023-03-15 21:00:23.855991 (21222) session_ INFO    Analysis session 'session_0' connected to the console (host: 192.168.100.6:57288)
2023-03-15 21:01:21.934802 (21222) lic__man INFO    Unclaim everything for 'session_0'.
2023-03-15 21:01:51.989888 (21222) lic__man INFO    Unclaim everything for 'session_0'.
2023-03-15 21:01:52.214922 (21222) lic__man INFO    Unclaim everything for 'session_0'.
2023-03-15 21:01:52.322338 (21222) lic__man INFO    Claim 'superlint' for 'session_0'.
2023-03-15 21:02:38.160025 (21222) lic__man INFO    Unclaim everything for 'session_0'.
2023-03-15 21:02:38.381607 (21222) lic__man INFO    Unclaim everything for 'session_0'.
2023-03-15 21:02:38.426818 (21222) lic__man INFO    Claim 'superlint' for 'session_0'.
2023-03-15 21:03:26.515201 (21222) main____ INFO    About to exit: requested from GUI
2023-03-15 21:03:26.801313 (21222) main____ INFO    Exiting with status 0.
