2023-03-01 20:32:20.229057 (15572) main____ INFO    ----------------------------------------
2023-03-01 20:32:20.229252 (15572) main____ INFO    JasperGold version info
2023-03-01 20:32:20.229271 (15572) main____ INFO      tool      : JasperGold 2018.03
2023-03-01 20:32:20.229286 (15572) main____ INFO      version   : 2018.03p001 64 bits
2023-03-01 20:32:20.229298 (15572) main____ INFO      build date: 2018.04.24 18:13:05 PDT
2023-03-01 20:32:20.229306 (15572) main____ INFO    ----------------------------------------
2023-03-01 20:32:20.229313 (15572) main____ INFO    Runtime info:
2023-03-01 20:32:20.229323 (15572) main____ INFO      platform  : Linux 3.10.0-693.el7.x86_64 x86_64
2023-03-01 20:32:20.229334 (15572) main____ INFO      hostname  : vlsicad6
2023-03-01 20:32:20.229343 (15572) main____ INFO      pid       : 15572
2023-03-01 20:32:20.229352 (15572) main____ INFO      arguments : '-style' 'windows' '-superlint'
2023-03-01 20:32:20.229360 (15572) main____ INFO    ----------------------------------------
2023-03-01 20:32:20.229367 (15572) main____ INFO    System resource limits info:
2023-03-01 20:32:20.229376 (15572) main____ INFO      virtual memory: unlimited
2023-03-01 20:32:20.229385 (15572) main____ INFO      cpu time      : unlimited
2023-03-01 20:32:20.229405 (15572) main____ INFO      stack size    : 8388608 B
2023-03-01 20:32:20.229420 (15572) main____ INFO      core file size: 0 B
2023-03-01 20:32:20.229436 (15572) main____ INFO      open files    : 1024
2023-03-01 20:32:20.229446 (15572) main____ INFO      file size     : unlimited
2023-03-01 20:32:20.229454 (15572) main____ INFO    ----------------------------------------
2023-03-01 20:32:20.229462 (15572) main____ INFO    Memory statistics:
2023-03-01 20:32:20.229470 (15572) main____ INFO      total physical memory  : 20381228 kB
2023-03-01 20:32:20.229477 (15572) main____ INFO      free physical memory   : 7312936 kB
2023-03-01 20:32:20.229484 (15572) main____ INFO      committed address space: 20872236 kB
2023-03-01 20:32:20.229491 (15572) main____ INFO    ----------------------------------------
2023-03-01 20:32:20.229536 (15572) main____ INFO    Important environment variables:
2023-03-01 20:32:20.229554 (15572) main____ INFO      DISPLAY        : 'localhost:25.0'
2023-03-01 20:32:20.229567 (15572) main____ INFO      EDITOR         : '/usr/bin/vim'
2023-03-01 20:32:20.229591 (15572) main____ INFO      LM_LICENSE_FILE: '5280@vlsicad8:26000@lscic:1717@lshc:1717@lstn:1717@lstc:1717@lsncku:5280@lstn:26585@lstn:26585@lstc:26585@lshc:26585@lsncku:26585@lscic'
2023-03-01 20:32:20.229610 (15572) main____ INFO    ----------------------------------------
2023-03-01 20:32:20.231569 (15572) lic_core INFO    Initializing license system ...
2023-03-01 20:32:20.233566 (15572) lic_core INFO    ... license system initialized.
2023-03-01 20:32:20.235835 (15572) lic__man INFO    Claim 'main' for <ui>.
2023-03-01 20:32:20.235904 (15572) lic_core INFO    (1) checking out 'jasper_interactive' ...
2023-03-01 20:32:20.338951 (15572) lic_core INFO    ... (1) checkout failed (error: -5) ("FLEXnet ERROR(-5, 0, 0): No such feature exists.")
2023-03-01 20:32:20.338992 (15572) lic_core INFO    (2) checking out 'jasper_pint' ...
2023-03-01 20:32:20.501757 (15572) lic_core INFO    ... (2) checkout succeeded
2023-03-01 20:32:20.501889 (15572) lic__man INFO    Claim 'superlint' for <ui>.
2023-03-01 20:32:20.501943 (15572) lic_core INFO    (3) checking out 'jasper_afl' ...
2023-03-01 20:32:20.608365 (15572) lic_core INFO    ... (3) checkout failed (error: -5) ("FLEXnet ERROR(-5, 0, 0): No such feature exists.")
2023-03-01 20:32:20.608404 (15572) lic_core INFO    (4) checking out 'jasper_dao' ...
2023-03-01 20:32:20.775837 (15572) lic_core INFO    ... (4) checkout succeeded
2023-03-01 20:32:22.033407 (15572) lic__man INFO    Claim 'superlint' for <ui>.
2023-03-01 20:32:22.436633 (15572) lic__man INFO    Unclaim 'superlint' for <ui>.
2023-03-01 20:32:22.436690 (15572) lic__man INFO    Claim 'superlint' for <ui>.
2023-03-01 20:32:22.454110 (15572) session_ INFO    Starting analysis session with session id 'session_0' ...
2023-03-01 20:32:22.456102 (15572) session_ INFO    Analysis session with session id 'session_0' started (pid: 15599)
2023-03-01 20:32:26.887189 (15572) session_ INFO    Analysis session 'session_0' connected to the console (host: 192.168.100.6:40768)
2023-03-01 20:32:34.689473 (15572) lic__man INFO    Unclaim everything for 'session_0'.
2023-03-01 20:32:34.944551 (15572) lic__man INFO    Unclaim everything for 'session_0'.
2023-03-01 20:32:35.040884 (15572) lic__man INFO    Claim 'superlint' for 'session_0'.
2023-03-01 20:34:10.202079 (15572) main____ INFO    About to exit: requested from GUI
2023-03-01 20:34:10.534752 (15572) main____ INFO    Exiting with status 0.
