xmsim(64) 20.09-s007
Linux 3.10.0-693.el7.x86_64 #1 SMP Tue Aug 22 21:09:27 UTC 2017 x86_64
CPU cores: 16
Limit information:
======================================
cputime			unlimited
filesize		unlimited
datasize		unlimited
stacksize		8192 kbytes
coredumpsize	0 kbytes
memoryuse		unlimited
vmemoryuse		unlimited
descriptors		4096
memorylocked	64 kbytes
maxproc			4096
======================================
(Special)Runtime environment variables:

Runtime environment variables:
XMODIFIERS=@im=none
USER=vlsi23100
LOGNAME=vlsi23100
HOME=/home/user2/vlsi23/vlsi23100
PATH=/usr/local/sbin:/usr/local/bin:/usr/sbin:/usr/bin:/sbin:/bin:/usr/cad/Sigasi/eclipse:/usr/cad/Sigasi/eclipse/cur:/opt/RISCV/bin:/usr/cad/HOY/BRAINS/cur/bin:/usr/cad/mentor/Tessent/cur/bin:/usr/cad/mentor/calibre/cur/bin:/usr/cad/cadence/JASPER/cur/bin:/usr/cad/cadence/JASPER/cur/bin:/usr/cad/cadence/JASPER/cur/bin:/usr/cad/cadence/JASPER/cur/bin:/usr/cad/cadence/JASPER/cur/bin:/usr/cad/cadence/JASPER/cur/bin:/usr/cad/cadence/JASPER/cur/bin:/usr/cad/cadence/CTOS/cur/tools.lnx86/bin:/usr/cad/cadence/MMSIM/cur/tools/dfII/bin:/usr/cad/cadence/MMSIM/cur/tools/bin:/usr/cad/cadence/IC/cur/tools/dfII/bin:/usr/cad/cadence/IC/cur/tools/dracula/bin:/usr/cad/cadence/IC/cur/tools/bin:/usr/cad/cadence/XCELIUM/XCELIUM_20.09.007/tools/bin/64bit:/usr/cad/cadence/XCELIUM/XCELIUM_20.09.007/tools/bin:/usr/cad/cadence/INCISIV/cur/tools/bin:/usr/cad/cadence/INCISIV/cur/tools/vtools/vfault/bin:/usr/cad/cadence/INCISIV/cur/tools/dfII/bin:/usr/cad/cadence/EDI/cur/tools/celtic/bin:/usr/cad/cadence/EDI/cur/tools/plato/bin:/usr/cad/cadence/EDI/cur/tools/dfII/bin:/usr/cad/cadence/EDI/cur/tools/fe/bin:/usr/cad/cadence/EDI/cur/tools/cdsdoc/bin:/usr/cad/cadence/EDI/cur/tools/bin:/usr/cad/cadence/EDI/cur//tools/tlfUtil/bin:/usr/cad/cadence/INNOVUS/cur/tools/celtic/bin:/usr/cad/cadence/INNOVUS/cur/tools/plato/bin:/usr/cad/cadence/INNOVUS/cur/tools/dfII/bin:/usr/cad/cadence/INNOVUS/cur/tools/bin:/usr/cad/cadence/INNOVUS/cur//tools/tlfUtil/bin:/usr/cad/synopsys/tmax/cur/bin:/usr/cad/synopsys/spyglass/cur/SPYGLASS_HOME/bin:/usr/bin/X11:/usr/cad/synopsys/coreconsultant/cur/bin:/usr/cad/synopsys/verdi/cur/bin:/usr/cad/synopsys/verdi/cur/nLint/bin:/usr/bin/X11:/usr/cad/synopsys/primetime/cur/amd64/syn/bin:/usr/bin/X11:/usr/cad/synopsys/primerail/cur/amd64/syn/bin:/usr/cad/synopsys/adp/cur/bin:/usr/cad/synopsys/laker_oa/cur/bin:/usr/cad/synopsys/icvalidator/cur/bin/LINUX64_L31el:/usr/cad/synopsys/star-rcxt/cur/amd64_starrc/bin:/usr/cad/synopsys/laker/cur/bin:/usr/cad/synopsys/customexplorer/cur/bin:/usr/cad/synopsys/hspice/cur/hspice/bin:/usr/cad/synopsys/hspice/cur/hspice/GNU/linux64/gcc/bin:/usr/cad/synopsys/hspice/cur/hspice/linux64:/usr/bin:/usr/ucb/bin:/usr/cad/synopsys/customcompiler/cur/bin:/usr/bin/X11:/usr/cad/synopsys/coreConsultant/cur/bin:/usr/cad/synopsys/synthesis/cur/amd64/syn/bin:/usr/cad/synopsys/lc/cur/bin:/usr/cad/synopsys/lc/cur/bin:/usr/local/bin:/usr/bin:/usr/local/sbin:/usr/sbin:/cad/synopsys_sun/dw_home/cur/bin
MAIL=/var/spool/mail/vlsi23100
SHELL=/bin/tcsh
SSH_CLIENT=192.168.1.22 56913 22
SSH_CONNECTION=192.168.1.22 56913 192.168.100.6 22
SSH_TTY=/dev/pts/3
TERM=xterm
DISPLAY=localhost:13.0
SELINUX_ROLE_REQUESTED=
SELINUX_LEVEL_REQUESTED=
SELINUX_USE_CURRENT_RANGE=
XDG_SESSION_ID=4840
XDG_RUNTIME_DIR=/run/user/1831
HOSTTYPE=x86_64-linux
VENDOR=unknown
OSTYPE=linux
MACHTYPE=x86_64
SHLVL=1
PWD=/home/user2/vlsi23/vlsi23100/Lab2/Lab2/ProbC
GROUP=lphp
HOST=vlsicad6
REMOTEHOST=192.168.1.22
HOSTNAME=vlsicad6
LS_COLORS=no=00:fi=00:di=00;34;01:ln=00;36:pi=40;33:so=00;35:bd=40;33;01:cd=40;33;01:or=01;05;37;41:mi=01;05;37;41:ex=00;32:*.cmd=00;32:*.exe=00;32:*.com=00;32:*.btm=00;32:*.bat=00;32:*.sh=00;32:*.csh=00;32:*.tar=00;31:*.tgz=00;31:*.arj=00;31:*.taz=00;31:*.lzh=00;31:*.zip=00;31:*.z=00;31:*.Z=00;31:*.gz=00;31:*.bz2=00;31:*.bz=00;31:*.tz=00;31:*.rpm=00;31:*.cpio=00;31:*.jpg=00;35:*.gif=00;35:*.bmp=00;35:*.xbm=00;35:*.xpm=00;35:*.png=00;35:*.tif=00;35:
LESSOPEN=||/usr/bin/lesspipe.sh %s
LM_LICENSE_FILE=5280@vlsicad8:26000@lscic:1717@lshc:1717@lstn:1717@lstc:1717@lsncku:5280@lstn:26585@lstn:26585@lstc:26585@lshc:26585@lsncku:26585@lscic
SYNOPSYS_LC_ROOT=/usr/cad/synopsys/lc/cur
SYNTHESIS=/usr/cad/synopsys/synthesis/cur
SYN_MAN_DIR=/usr/cad/synopsys/synthesis/cur/doc/syn/man
MANPATH=/usr/cad/synopsys/synthesis/cur/doc/syn/man:/usr/cad/synopsys/coreconsultant/cur/doc/dware/man
installdir=/usr/cad/synopsys/hspice/cur/hspice
CMIARCH=RH_64
mraarch=linux_64
TMIARCH=RH_64
HSP_HOME=/usr/cad/synopsys/hspice/cur/hspice
SNPS_PLATFORM=linux64
HSP_GCC=/usr/cad/synopsys/hspice/cur/hspice/GNU/linux64/gcc/bin/gcc -m64 
SNPS_64=1
HSP_GCC_VERSION=5.2.0
LD_LIBRARY_PATH=/usr/lib:/usr/lib64:/lib:/lib64:/usr/local/systemc/cur/lib-linux64:/usr/local/systemc/systemc-2.3.1/lib-linux64::/usr/cad/cadence/CTOS/cur/tools.lnx86/lib:/usr/cad/cadence/MMSIM/cur/tools/lib:/usr/cad/cadence/IC/cur/tools/lib:/usr/cad/cadence/XCELIUM/XCELIUM_20.09.007/tools/lib/64bit:/usr/cad/cadence/XCELIUM/XCELIUM_20.09.007/tools/lib64:/usr/cad/cadence/XCELIUM/XCELIUM_20.09.007/tools/lib:/usr/cad/cadence/INCISIV/cur/tools/lib:/usr/cad/cadence/INCISIV/cur/tools/vtools/vfault/lib:/usr/cad/cadence/EDI/cur//tools/tlfUtil/lib:/usr/cad/cadence/INNOVUS/cur//tools/tlfUtil/lib:/usr/cad/synopsys/verdi/cur/etc/lib/libstdc++/LINUX64/:/usr/cad/synopsys/verdi/cur/share/PLI/IUS/LINUX64/://usr/cad/synopsys/hspice/cur/hspice/linux64/interfaces
CDS_LOAD_ENV=CSF
Laker_TCL_L3=1
Laker_TCL_ToolBox=1
SC_HLPPATH=/usr/cad/synopsys/laker_oa/cur
ICV_HOME_DIR=/usr/cad/synopsys/icvalidator/cur
SYNOPSYS_SYSTYPE=LINUX64_L31el
XAPPLRESDIR=/usr/cad/synopsys/icvalidator/cur/app-defaults
XKEYSYMDB=/usr/cad/synopsys/icvalidator/cur/lib-u/X11/XKeysymDB
XNLSPATH=/usr/cad/synopsys/icvalidator/cur/lib-u/X11/nls
PRIMERAIL=/usr/cad/synopsys/primerail/cur
PRIMETIME=/usr/cad/synopsys/primetime/cur
SHLIB_PATH=/usr/cad/synopsys/verdi/cur/etc/lib/libstdc++/LINUX64/
SOFT_MAN_DIR=/usr/cad/synopsys/coreconsultant/cur/doc/dware/man
DESIGNWARE_HOME=/cad/synopsys_sun/dw_home/cur
SG_HTML_BROWSER=/usr/bin/mozilla
EDITOR=/usr/bin/vim
SYNOPSYS_TMAX=/usr/cad/synopsys/tmax/cur
ENCOUNTER=/usr/cad/cadence/EDI/cur/tools/fe
CDS_AUTO_64BIT=ALL
CDS_Netlisting_Mode=Analog
MGC_HOME=/usr/cad/mentor/calibre/cur
MGC_TMPDIR=/tmp
MGC_LOCATION_MAP=NO_MAP
HOY_LIC_FILE=4141@lshc
VERIFIC_LICENSE_FILE=/usr/cad/HOY/BRAINS/cur/../../CIC/Verific.dat
LANG=en_US.utf8
_XRUNROOT_=/usr/cad/cadence/XCELIUM/XCELIUM_20.09.007/tools
_IRUNROOT_=/usr/cad/cadence/XCELIUM/XCELIUM_20.09.007/tools
CDS_ARCH=lnx86
XMRUNMODE=xmverilog:./xcelium.d/run.lnx8664.20.09.d
XRUNBATCH=FALSE
AMS_LOG_FILE_NAME=xmverilog.log
IMPERAS_PORT_FILE=.vsp_ovp_gdb_port
TCL_LIBRARY=/usr/cad/cadence/XCELIUM/XCELIUM_20.09.007/tools/inca/files/tcl/library
Runtime command line arguments:
argv[0]=xmverilog
argv[1]=multi_tb.v
argv[2]=+access+r
argv[3]=+define+FSDB
102 profile - 100
          CPU/Mem usage: 0.060 sys,  0.250 user,  235.40M sys,  0.00M vm
103 VC callback profile - scalar:0 vector:0
104 Thu Feb 23 11:26:11 2023
105 pliAppInit
106 FSDB_GATE is disabled.
107 Enable Parallel Dumping.
108 pliAppMiscSet: New Sim Round
109 pliEntryInit
110 LIBSSCORE=found /usr/cad/synopsys/verdi/cur/share/PLI/IUS/LINUX64/libsscore_ius152.so through $LD_LIBRARY_PATH setting.
111 argv[0]: multi.fsdb
112 argv[0]: 0
113 argv[1]: (handle)0x49b9408 multi_tb.multi0
114 FSDB Dumper for IUS, Release Verdi_N-2017.12, Linux x86_64/64bit, 11/12/2017
115 (C) 1996 - 2017 by Synopsys, Inc.
116 ***********************************************************************
117 *  ERROR -                                                            *
118 *  The simulator version is newer than the FSDB dumper version which  *
119 *  may cause abnormal behavior, please contact Synopsys support for   *
120 *  assistance.                                                        *
121 ***********************************************************************
122 sps_call_fsdbDumpfile at 0 : /home/user2/vlsi23/vlsi23100/Lab2/Lab2/ProbC/multi_tb.v(34)
123 argv[0]: multi.fsdb
124 *Verdi* FSDB WARNING: The FSDB file already exists. Overwriting the FSDB file may crash the programs that are using this file.
125 *Verdi* : Create FSDB file 'multi.fsdb'
126 sps_call_fsdbDumpvars at 0 : /home/user2/vlsi23/vlsi23100/Lab2/Lab2/ProbC/multi_tb.v(35)
127 argv[0]: 0
128 argv[1]: (handle)0x49b93f8 multi_tb.multi0
129 *Verdi* : Begin traversing the scope (multi_tb.multi0), layer (0).
130 *Verdi* : End of traversing.
131 fsdbDumpvars traverse var: profile - 
          CPU/Mem usage: 0.070 sys,  0.260 user,  335.80M sys,  0.00M vm
                   incr: 0.000 sys,  0.010 user,  8.84M sys,  0.00M vm
                   accu: 0.000 sys,  0.010 user,  8.84M sys,  0.00M vm
              accu incr: 0.000 sys,  0.010 user,  8.84M sys,  0.00M vm

          Count usage: 262 var,  163 idcode,  163 callback
                 incr: 262 var,  163 idcode,  163 callback
                 accu: 262 var,  163 idcode,  163 callback
            accu incr: 262 var,  163 idcode,  163 callback
132 VC callback profile - scalar:0 vector:0
133 Thu Feb 23 11:26:11 2023
134 fsdbDumpvars: profile - 
          CPU/Mem usage: 0.070 sys,  0.260 user,  336.85M sys,  0.00M vm
                   incr: 0.000 sys,  0.000 user,  1.05M sys,  0.00M vm
                   accu: 0.000 sys,  0.010 user,  9.90M sys,  0.00M vm
              accu incr: 0.000 sys,  0.000 user,  1.05M sys,  0.00M vm

          Count usage: 262 var,  163 idcode,  163 callback
                 incr: 0 var,  0 idcode,  0 callback
                 accu: 262 var,  163 idcode,  163 callback
            accu incr: 0 var,  0 idcode,  0 callback
135 VC callback profile - scalar:163 vector:0
136 Thu Feb 23 11:26:11 2023
137 End of simulation at 257000
138 VC callback profile - scalar:9772 vector:0
139 Thu Feb 23 11:26:11 2023
140 Begin FSDB profile info:
141 FSDB Writer : bc1(9772) bcn(0) mtf/stf(0/0)
FSDB Writer elapsed time : flush(0.007096) io wait(0.000000) theadpool wait(0.000000) target functin(0.000000)
FSDB Writer cpu time : MT Compression : 0
142 End FSDB profile info
143 Parallel profile    -  Flush:3 Expand:0 ProduceWait:0 ConsumerWait:0 BlockUsed:0
144                        ProduceTime:0.349219690 ConsumerTime:0.000000000 Buffer:64MB
145 SimExit
146 Sim process exit
