2023-03-08 21:47:27.281485 (29491) main____ INFO    ----------------------------------------
2023-03-08 21:47:27.281646 (29491) main____ INFO    JasperGold version info
2023-03-08 21:47:27.281671 (29491) main____ INFO      tool      : JasperGold 2018.03
2023-03-08 21:47:27.281692 (29491) main____ INFO      version   : 2018.03p001 64 bits
2023-03-08 21:47:27.281708 (29491) main____ INFO      build date: 2018.04.24 18:13:05 PDT
2023-03-08 21:47:27.281720 (29491) main____ INFO    ----------------------------------------
2023-03-08 21:47:27.281731 (29491) main____ INFO    Runtime info:
2023-03-08 21:47:27.281745 (29491) main____ INFO      platform  : Linux 3.10.0-693.el7.x86_64 x86_64
2023-03-08 21:47:27.281762 (29491) main____ INFO      hostname  : vlsicad6
2023-03-08 21:47:27.281774 (29491) main____ INFO      pid       : 29491
2023-03-08 21:47:27.281787 (29491) main____ INFO      arguments : '-style' 'windows' '-superlint'
2023-03-08 21:47:27.281798 (29491) main____ INFO    ----------------------------------------
2023-03-08 21:47:27.281809 (29491) main____ INFO    System resource limits info:
2023-03-08 21:47:27.281822 (29491) main____ INFO      virtual memory: unlimited
2023-03-08 21:47:27.281836 (29491) main____ INFO      cpu time      : unlimited
2023-03-08 21:47:27.281861 (29491) main____ INFO      stack size    : 8388608 B
2023-03-08 21:47:27.281884 (29491) main____ INFO      core file size: 0 B
2023-03-08 21:47:27.281905 (29491) main____ INFO      open files    : 1024
2023-03-08 21:47:27.281920 (29491) main____ INFO      file size     : unlimited
2023-03-08 21:47:27.281932 (29491) main____ INFO    ----------------------------------------
2023-03-08 21:47:27.281943 (29491) main____ INFO    Memory statistics:
2023-03-08 21:47:27.281954 (29491) main____ INFO      total physical memory  : 20381228 kB
2023-03-08 21:47:27.281965 (29491) main____ INFO      free physical memory   : 1656252 kB
2023-03-08 21:47:27.281976 (29491) main____ INFO      committed address space: 26804532 kB
2023-03-08 21:47:27.281986 (29491) main____ INFO    ----------------------------------------
2023-03-08 21:47:27.282046 (29491) main____ INFO    Important environment variables:
2023-03-08 21:47:27.282072 (29491) main____ INFO      DISPLAY        : 'localhost:21.0'
2023-03-08 21:47:27.282091 (29491) main____ INFO      EDITOR         : '/usr/bin/vim'
2023-03-08 21:47:27.282112 (29491) main____ INFO      LM_LICENSE_FILE: '5280@vlsicad8:26000@lscic:1717@lshc:1717@lstn:1717@lstc:1717@lsncku:5280@lstn:26585@lstn:26585@lstc:26585@lshc:26585@lsncku:26585@lscic'
2023-03-08 21:47:27.282126 (29491) main____ INFO    ----------------------------------------
2023-03-08 21:47:27.283319 (29491) lic_core INFO    Initializing license system ...
2023-03-08 21:47:27.286922 (29491) lic_core INFO    ... license system initialized.
2023-03-08 21:47:27.289193 (29491) lic__man INFO    Claim 'main' for <ui>.
2023-03-08 21:47:27.289266 (29491) lic_core INFO    (1) checking out 'jasper_interactive' ...
2023-03-08 21:47:27.562443 (29491) lic_core INFO    ... (1) checkout failed (error: -5) ("FLEXnet ERROR(-5, 0, 0): No such feature exists.")
2023-03-08 21:47:27.562485 (29491) lic_core INFO    (2) checking out 'jasper_pint' ...
2023-03-08 21:47:27.791953 (29491) lic_core INFO    ... (2) checkout succeeded
2023-03-08 21:47:27.792052 (29491) lic__man INFO    Claim 'superlint' for <ui>.
2023-03-08 21:47:27.792101 (29491) lic_core INFO    (3) checking out 'jasper_afl' ...
2023-03-08 21:47:28.179104 (29491) lic_core INFO    ... (3) checkout failed (error: -5) ("FLEXnet ERROR(-5, 0, 0): No such feature exists.")
2023-03-08 21:47:28.179145 (29491) lic_core INFO    (4) checking out 'jasper_dao' ...
2023-03-08 21:47:29.005865 (29491) lic_core INFO    ... (4) checkout succeeded
2023-03-08 21:47:30.484187 (29491) lic__man INFO    Claim 'superlint' for <ui>.
2023-03-08 21:47:30.871485 (29491) lic__man INFO    Unclaim 'superlint' for <ui>.
2023-03-08 21:47:30.871544 (29491) lic__man INFO    Claim 'superlint' for <ui>.
2023-03-08 21:47:30.889746 (29491) session_ INFO    Starting analysis session with session id 'session_0' ...
2023-03-08 21:47:30.891532 (29491) session_ INFO    Analysis session with session id 'session_0' started (pid: 29532)
2023-03-08 21:47:35.496979 (29491) session_ INFO    Analysis session 'session_0' connected to the console (host: 192.168.100.6:43962)
2023-03-08 21:47:46.892129 (29491) lic__man INFO    Unclaim everything for 'session_0'.
2023-03-08 21:47:47.133339 (29491) lic__man INFO    Unclaim everything for 'session_0'.
2023-03-08 21:47:47.220699 (29491) lic__man INFO    Claim 'superlint' for 'session_0'.
2023-03-08 21:49:23.657494 (29491) main____ INFO    About to exit: requested from GUI
2023-03-08 21:49:24.042787 (29491) main____ INFO    Exiting with status 0.
